{"C:\\Users\\Pradeep Joshi\\Documents\\GitHub\\error find\\ideas\\ToDo-list\\src\\modules\\taskListFunctions.js": {"path":"C:\\Users\\Pradeep Joshi\\Documents\\GitHub\\error find\\ideas\\ToDo-list\\src\\modules\\taskListFunctions.js","statementMap":{"0":{"start":{"line":3,"column":13},"end":{"line":3,"column":41}},"1":{"start":{"line":4,"column":19},"end":{"line":4,"column":47}},"2":{"start":{"line":5,"column":2},"end":{"line":11,"column":4}},"3":{"start":{"line":12,"column":2},"end":{"line":12,"column":30}},"4":{"start":{"line":14,"column":2},"end":{"line":14,"column":27}}},"fnMap":{"0":{"name":"addTaskToList","decl":{"start":{"line":2,"column":16},"end":{"line":2,"column":29}},"loc":{"start":{"line":2,"column":57},"end":{"line":15,"column":1}},"line":2}},"branchMap":{},"s":{"0":1,"1":1,"2":1,"3":1,"4":1},"f":{"0":1},"b":{},"_coverageSchema":"1a1c01bbd47fc00a2c39e90264f33305004495a9","hash":"5a9fc23bbe83924d7c31ce7b0ae41d2e8fcd164c"}
}
